0 info it worked if it ends with ok
1 verbose cli [ 'C:\\Program Files\\nodejs\\node.exe',
1 verbose cli   'C:\\Users\\Sri Sahasra\\AppData\\Roaming\\npm\\node_modules\\npm\\bin\\npm-cli.js',
1 verbose cli   'start' ]
2 info using npm@3.10.9
3 info using node@v6.9.1
4 verbose run-script [ 'prestart', 'start', 'poststart' ]
5 info lifecycle suresh@0.0.0~prestart: suresh@0.0.0
6 silly lifecycle suresh@0.0.0~prestart: no script for prestart, continuing
7 info lifecycle suresh@0.0.0~start: suresh@0.0.0
8 verbose lifecycle suresh@0.0.0~start: unsafe-perm in lifecycle true
9 verbose lifecycle suresh@0.0.0~start: PATH: C:\Users\Sri Sahasra\AppData\Roaming\npm\node_modules\npm\bin\node-gyp-bin;C:\suresh\node_modules\.bin;C:\Users\Sri Sahasra\AppData\Roaming\npm;C:\Program Files\nodejs\;C:\Windows\system32;C:\Windows;C:\Windows\System32\Wbem;C:\Windows\System32\WindowsPowerShell\v1.0\;C:\Program Files\nodejs\;C:\Users\Sri Sahasra\AppData\Roaming\npm
10 verbose lifecycle suresh@0.0.0~start: CWD: C:\suresh
11 silly lifecycle suresh@0.0.0~start: Args: [ '/d /s /c', 'ng serve' ]
12 silly lifecycle suresh@0.0.0~start: Returned: code: 1  signal: null
13 info lifecycle suresh@0.0.0~start: Failed to exec start script
14 verbose stack Error: suresh@0.0.0 start: `ng serve`
14 verbose stack Exit status 1
14 verbose stack     at EventEmitter.<anonymous> (C:\Users\Sri Sahasra\AppData\Roaming\npm\node_modules\npm\lib\utils\lifecycle.js:255:16)
14 verbose stack     at emitTwo (events.js:106:13)
14 verbose stack     at EventEmitter.emit (events.js:191:7)
14 verbose stack     at ChildProcess.<anonymous> (C:\Users\Sri Sahasra\AppData\Roaming\npm\node_modules\npm\lib\utils\spawn.js:40:14)
14 verbose stack     at emitTwo (events.js:106:13)
14 verbose stack     at ChildProcess.emit (events.js:191:7)
14 verbose stack     at maybeClose (internal/child_process.js:877:16)
14 verbose stack     at Process.ChildProcess._handle.onexit (internal/child_process.js:226:5)
15 verbose pkgid suresh@0.0.0
16 verbose cwd C:\suresh
17 error Windows_NT 6.1.7600
18 error argv "C:\\Program Files\\nodejs\\node.exe" "C:\\Users\\Sri Sahasra\\AppData\\Roaming\\npm\\node_modules\\npm\\bin\\npm-cli.js" "start"
19 error node v6.9.1
20 error npm  v3.10.9
21 error code ELIFECYCLE
22 error suresh@0.0.0 start: `ng serve`
22 error Exit status 1
23 error Failed at the suresh@0.0.0 start script 'ng serve'.
23 error Make sure you have the latest version of node.js and npm installed.
23 error If you do, this is most likely a problem with the suresh package,
23 error not with npm itself.
23 error Tell the author that this fails on your system:
23 error     ng serve
23 error You can get information on how to open an issue for this project with:
23 error     npm bugs suresh
23 error Or if that isn't available, you can get their info via:
23 error     npm owner ls suresh
23 error There is likely additional logging output above.
24 verbose exit [ 1, true ]
